2024-11-11 03:08:37,479 - main - INFO - Запрос на обучение модели: тип=SVC, имя=my_model_3
2024-11-11 03:08:37,502 - main - INFO - Модель успешно обучена и сохранена: models\my_model_3.joblib
2024-11-11 03:30:28,266 - main - INFO - Попытка входа
2024-11-11 03:30:28,271 - main - INFO - Неверные креды
2024-11-11 03:30:32,432 - main - INFO - Попытка входа
2024-11-11 03:30:32,434 - main - INFO - Неверные креды
2024-11-11 03:31:28,405 - main - INFO - Попытка входа
2024-11-11 03:31:28,405 - main - INFO - Неверные креды
2024-11-11 03:32:22,074 - main - INFO - Попытка входа
2024-11-11 03:32:22,074 - main - INFO - Неверные креды
2024-11-11 03:32:26,107 - main - INFO - Попытка входа
2024-11-11 03:32:26,122 - main - INFO - Неверные креды
2024-11-11 03:32:26,705 - main - INFO - Попытка входа
2024-11-11 03:32:26,707 - main - INFO - Неверные креды
2024-11-11 03:32:55,770 - main - INFO - Попытка входа
2024-11-11 03:32:55,781 - main - ERROR - Запрошены типы моделей
NoneType: None
2024-11-11 20:31:38,523 - main - INFO - Попытка входа
2024-11-11 20:31:38,526 - main - ERROR - Запрошены типы моделей
NoneType: None
2024-11-11 20:32:05,176 - main - INFO - Попытка входа
2024-11-11 20:32:05,178 - main - INFO - Запрос на обучение модели: тип=SVC, имя=my_model_SVC
2024-11-11 20:32:05,208 - main - INFO - Модель успешно обучена и сохранена: models\my_model_SVC.joblib
2024-11-11 20:32:27,489 - main - INFO - Попытка входа
2024-11-11 20:34:17,416 - main - INFO - Попытка входа
2024-11-11 20:34:17,437 - main - INFO - Прогноз успешно получен
